{"logTime": "1007/035404", "correlationVector":"fgZS+LPsGYD43CYjr5Ie44.1","action":"SyncServerConnectionManagerRequest", "result":"SYNC_SERVER_OK", "context":{"environment":"Prod_NorthCentralUS_000g", "migrationStage":"NotStarted", "server":"GENERAL0100001K"}}
{"logTime": "1007/035406", "correlationVector":"fgZS+LPsGYD43CYjr5Ie44.2","action":"AAD.Mip.Unpack", "result":"Success", "context":MIP_CLOUD_COMMERCIAL:Success}
{"logTime": "1007/035406", "correlationVector":"fgZS+LPsGYD43CYjr5Ie44.3","action":"AAD.GetKeyResponse", "result":"Success", "context":Keys=8.LastKeyStatus=Normal. 2024-09-08 13:59:21 -06.State=None. Tags: Current_encryption_keys_tag = 77+9A++/ve+/vSdBKe+/vUYc77+9DO+/vVFoTu+/vSLvv73vv73vv70YdjThj7dB77+9Lks=, Updated_current_encryption_keys_tag = Empty}
{"logTime": "1007/035406", "correlationVector":"fgZS+LPsGYD43CYjr5Ie44","action":"Initial GetUpdates", "result":"", "context":Reason: NEW_CLIENT. cV=fgZS+LPsGYD43CYjr5Ie44}
{"logTime": "1007/035406", "correlationVector":"fgZS+LPsGYD43CYjr5Ie44.4","action":"GetUpdates Response", "result":"Success", "context":Received 1 update(s). cV=fgZS+LPsGYD43CYjr5Ie44.0;server=GENERAL0100001K;cloudType=Multitenant;environment=Prod_NorthCentralUS_000g;migrationStage=NotStarted}
{"logTime": "1007/035406", "correlationVector":"FGJNI9kCadtE4rTPrsYS+6","action":"Initial GetUpdates", "result":"", "context":Reason: NEW_CLIENT. cV=FGJNI9kCadtE4rTPrsYS+6}
{"logTime": "1007/035409", "correlationVector":"FGJNI9kCadtE4rTPrsYS+6.1","action":"SyncServerConnectionManagerRequest", "result":"SYNC_SERVER_OK", "context":{"environment":"Prod_NorthCentralUS_000g", "migrationStage":"NotStarted", "server":"GENERAL0100001K"}}
{"logTime": "1007/035409", "correlationVector":"FGJNI9kCadtE4rTPrsYS+6.2","action":"GetUpdates Response", "result":"Success", "context":Received 165 update(s). cV=FGJNI9kCadtE4rTPrsYS+6.0;server=GENERAL0100001K;cloudType=Multitenant;environment=Prod_NorthCentralUS_000g;migrationStage=NotStarted}
{"logTime": "1007/035409", "correlationVector":"3PJXxG1uAME/chH3xQUZYe","action":"Initial GetUpdates", "result":"", "context":Reason: NEW_CLIENT. cV=3PJXxG1uAME/chH3xQUZYe}
{"logTime": "1007/035411", "correlationVector":"3PJXxG1uAME/chH3xQUZYe.1","action":"SyncServerConnectionManagerRequest", "result":"SYNC_SERVER_OK", "context":{"environment":"Prod_NorthCentralUS_000g", "migrationStage":"NotStarted", "server":"GENERAL0100002D"}}
{"logTime": "1007/035411", "correlationVector":"3PJXxG1uAME/chH3xQUZYe.2","action":"GetUpdates Response", "result":"Success", "context":Received 2 update(s). cV=3PJXxG1uAME/chH3xQUZYe.0;server=GENERAL0100002D;cloudType=Multitenant;environment=Prod_NorthCentralUS_000g;migrationStage=NotStarted Some updates remain.}
{"logTime": "1007/035411", "correlationVector":"VQM26Di2/tq++/CjTMCEk6","action":"Initial GetUpdates", "result":"", "context":Reason: NEW_CLIENT. cV=VQM26Di2/tq++/CjTMCEk6}
{"logTime": "1007/035413", "correlationVector":"VQM26Di2/tq++/CjTMCEk6.1","action":"SyncServerConnectionManagerRequest", "result":"SYNC_SERVER_OK", "context":{"environment":"Prod_NorthCentralUS_000g", "migrationStage":"NotStarted", "server":"GENERAL0100000I"}}
{"logTime": "1007/035414", "correlationVector":"VQM26Di2/tq++/CjTMCEk6.2","action":"GetUpdates Response", "result":"Success", "context":Received 227 update(s). cV=VQM26Di2/tq++/CjTMCEk6.0;server=GENERAL0100000I;cloudType=Multitenant;environment=Prod_NorthCentralUS_000g;migrationStage=NotStarted Some updates remain.}
{"logTime": "1007/035414", "correlationVector":"Tc+7TucuWPTaCQ9Ry0vbtI","action":"Initial GetUpdates", "result":"", "context":Reason: NEW_CLIENT. cV=Tc+7TucuWPTaCQ9Ry0vbtI}
{"logTime": "1007/035414", "correlationVector":"Tc+7TucuWPTaCQ9Ry0vbtI.1","action":"SyncServerConnectionManagerRequest", "result":"SYNC_SERVER_OK", "context":{"environment":"Prod_NorthCentralUS_000g", "migrationStage":"NotStarted", "server":"GENERAL0100001I"}}
{"logTime": "1007/035414", "correlationVector":"Tc+7TucuWPTaCQ9Ry0vbtI.2","action":"GetUpdates Response", "result":"Success", "context":Received 50 update(s). cV=Tc+7TucuWPTaCQ9Ry0vbtI.0;server=GENERAL0100001I;cloudType=Multitenant;environment=Prod_NorthCentralUS_000g;migrationStage=NotStarted}
{"logTime": "1007/035414", "correlationVector":"wJiBpDzORO73eRSg19I1kc","action":"Initial GetUpdates", "result":"", "context":Reason: NEW_CLIENT. cV=wJiBpDzORO73eRSg19I1kc}
{"logTime": "1007/035417", "correlationVector":"wJiBpDzORO73eRSg19I1kc.1","action":"SyncServerConnectionManagerRequest", "result":"SYNC_SERVER_OK", "context":{"environment":"Prod_NorthCentralUS_000g", "migrationStage":"NotStarted", "server":"GENERAL0100002G"}}
{"logTime": "1007/035417", "correlationVector":"wJiBpDzORO73eRSg19I1kc.2","action":"GetUpdates Response", "result":"Success", "context":Received 16 update(s). cV=wJiBpDzORO73eRSg19I1kc.0;server=GENERAL0100002G;cloudType=Multitenant;environment=Prod_NorthCentralUS_000g;migrationStage=NotStarted Some updates remain.}
{"logTime": "1007/035417", "correlationVector":"BWec8qNhY4yntC+OYl+NVW","action":"Initial GetUpdates", "result":"", "context":Reason: NEW_CLIENT. cV=BWec8qNhY4yntC+OYl+NVW}
{"logTime": "1007/035424", "correlationVector":"BWec8qNhY4yntC+OYl+NVW.1","action":"SyncServerConnectionManagerRequest", "result":"SYNC_SERVER_OK", "context":{"environment":"Prod_NorthCentralUS_000g", "migrationStage":"NotStarted", "server":"GENERAL01000012"}}
{"logTime": "1007/035424", "correlationVector":"BWec8qNhY4yntC+OYl+NVW.2","action":"GetUpdates Response", "result":"Success", "context":Received 11 update(s). cV=BWec8qNhY4yntC+OYl+NVW.0;server=GENERAL01000012;cloudType=Multitenant;environment=Prod_NorthCentralUS_000g;migrationStage=NotStarted Some updates remain.}
{"logTime": "1007/035424", "correlationVector":"IW8zp4GUa1N2rBhLCH+wHV","action":"Initial GetUpdates", "result":"", "context":Reason: NEW_CLIENT. cV=IW8zp4GUa1N2rBhLCH+wHV}
{"logTime": "1007/035426", "correlationVector":"IW8zp4GUa1N2rBhLCH+wHV.1","action":"SyncServerConnectionManagerRequest", "result":"SYNC_SERVER_OK", "context":{"environment":"Prod_NorthCentralUS_000g", "migrationStage":"NotStarted", "server":"GENERAL0100002A"}}
{"logTime": "1007/035426", "correlationVector":"IW8zp4GUa1N2rBhLCH+wHV.2","action":"GetUpdates Response", "result":"Success", "context":Received 1 update(s). cV=IW8zp4GUa1N2rBhLCH+wHV.0;server=GENERAL0100002A;cloudType=Multitenant;environment=Prod_NorthCentralUS_000g;migrationStage=NotStarted Some updates remain.}
{"logTime": "1007/035426", "correlationVector":"0+8xr4Op9AhEthf5EFx0CM","action":"Initial GetUpdates", "result":"", "context":Reason: NEW_CLIENT. cV=0+8xr4Op9AhEthf5EFx0CM}
{"logTime": "1007/035429", "correlationVector":"0+8xr4Op9AhEthf5EFx0CM.1","action":"SyncServerConnectionManagerRequest", "result":"SYNC_SERVER_OK", "context":{"environment":"Prod_NorthCentralUS_000g", "migrationStage":"NotStarted", "server":"GENERAL01000013"}}
{"logTime": "1007/035429", "correlationVector":"0+8xr4Op9AhEthf5EFx0CM.2","action":"GetUpdates Response", "result":"Success", "context":Received 4 update(s). cV=0+8xr4Op9AhEthf5EFx0CM.0;server=GENERAL01000013;cloudType=Multitenant;environment=Prod_NorthCentralUS_000g;migrationStage=NotStarted Some updates remain.}
{"logTime": "1007/035429", "correlationVector":"eD3bVknvAItqSJRQ55tmdw","action":"Initial GetUpdates", "result":"", "context":Reason: NEW_CLIENT. cV=eD3bVknvAItqSJRQ55tmdw}
{"logTime": "1007/035431", "correlationVector":"eD3bVknvAItqSJRQ55tmdw.1","action":"SyncServerConnectionManagerRequest", "result":"SYNC_SERVER_OK", "context":{"environment":"Prod_NorthCentralUS_000g", "migrationStage":"NotStarted", "server":"GENERAL01000012"}}
{"logTime": "1007/035431", "correlationVector":"eD3bVknvAItqSJRQ55tmdw.2","action":"GetUpdates Response", "result":"Success", "context":Received 2 update(s). cV=eD3bVknvAItqSJRQ55tmdw.0;server=GENERAL01000012;cloudType=Multitenant;environment=Prod_NorthCentralUS_000g;migrationStage=NotStarted Some updates remain.}
{"logTime": "1007/035431", "correlationVector":"Qe+11xEhAhLkKT/ikstmbC","action":"Initial GetUpdates", "result":"", "context":Reason: NEW_CLIENT. cV=Qe+11xEhAhLkKT/ikstmbC}
{"logTime": "1007/035433", "correlationVector":"Qe+11xEhAhLkKT/ikstmbC.1","action":"SyncServerConnectionManagerRequest", "result":"SYNC_SERVER_OK", "context":{"environment":"Prod_NorthCentralUS_000g", "migrationStage":"NotStarted", "server":"GENERAL0100002I"}}
{"logTime": "1007/035433", "correlationVector":"Qe+11xEhAhLkKT/ikstmbC.2","action":"GetUpdates Response", "result":"Success", "context":Received 4 update(s). cV=Qe+11xEhAhLkKT/ikstmbC.0;server=GENERAL0100002I;cloudType=Multitenant;environment=Prod_NorthCentralUS_000g;migrationStage=NotStarted Some updates remain.}
{"logTime": "1007/035433", "correlationVector":"LnrT4ia9olFzrxrlV6oJ13","action":"Initial GetUpdates", "result":"", "context":Reason: NEW_CLIENT. cV=LnrT4ia9olFzrxrlV6oJ13}
{"logTime": "1007/035434", "correlationVector":"LnrT4ia9olFzrxrlV6oJ13.1","action":"SyncServerConnectionManagerRequest", "result":"SYNC_SERVER_OK", "context":{"environment":"Prod_NorthCentralUS_000g", "migrationStage":"NotStarted", "server":"GENERAL0100000G"}}
{"logTime": "1007/035434", "correlationVector":"LnrT4ia9olFzrxrlV6oJ13.2","action":"GetUpdates Response", "result":"Success", "context":Received 48 update(s). cV=LnrT4ia9olFzrxrlV6oJ13.0;server=GENERAL0100000G;cloudType=Multitenant;environment=Prod_NorthCentralUS_000g;migrationStage=NotStarted Some updates remain.}
{"logTime": "1007/035434", "correlationVector":"ccYJ0qWVoNCLJx7j/nsriq","action":"Initial GetUpdates", "result":"", "context":Reason: NEW_CLIENT. cV=ccYJ0qWVoNCLJx7j/nsriq}
{"logTime": "1007/035434", "correlationVector":"ccYJ0qWVoNCLJx7j/nsriq.1","action":"SyncServerConnectionManagerRequest", "result":"SYNC_SERVER_OK", "context":{"environment":"Prod_NorthCentralUS_000g", "migrationStage":"NotStarted", "server":"GENERAL0100000Z"}}
{"logTime": "1007/035434", "correlationVector":"ccYJ0qWVoNCLJx7j/nsriq.2","action":"GetUpdates Response", "result":"Success", "context":Received 30 update(s). cV=ccYJ0qWVoNCLJx7j/nsriq.0;server=GENERAL0100000Z;cloudType=Multitenant;environment=Prod_NorthCentralUS_000g;migrationStage=NotStarted}
{"logTime": "1007/035434", "correlationVector":"3izOIn5ff7XRo8I/26A7QW","action":"Normal GetUpdate request", "result":"", "context":cV=3izOIn5ff7XRo8I/26A7QW
Nudged types: Sessions, Device Info, User Consents
Refresh requested types: Bookmarks, Preferences, Passwords, Autofill Profiles, Autofill, Typed URLs, Extensions, Sessions, Extension settings, History Delete Directives, Device Info, User Consents, Send Tab To Self, Web Apps, Collection, Edge E Drop, Edge Hub App Usage, Edge Tab Group, Edge Wallet, Encryption Keys}
{"logTime": "1007/035435", "correlationVector":"3izOIn5ff7XRo8I/26A7QW.1","action":"SyncServerConnectionManagerRequest", "result":"SYNC_SERVER_OK", "context":{"environment":"Prod_NorthCentralUS_000g", "migrationStage":"NotStarted", "server":"GENERAL0100001H"}}
{"logTime": "1007/035435", "correlationVector":"3izOIn5ff7XRo8I/26A7QW.2","action":"GetUpdates Response", "result":"Success", "context":Received 0 update(s). cV=3izOIn5ff7XRo8I/26A7QW.0;server=GENERAL0100001H;cloudType=Multitenant;environment=Prod_NorthCentralUS_000g;migrationStage=NotStarted}
{"logTime": "1007/035435", "correlationVector":"In53vMAA5pYZVlI3sLt7Mr","action":"DoCompareDataConsistency requsted types: ", "result":"Bookmarks, Preferences, Passwords, Typed URLs, Extensions, Extension settings, History Delete Directives, Send Tab To Self, Web Apps, Collection, Edge E Drop, Edge Tab Group, Edge Wallet, Encryption Keys"}
{"logTime": "1007/035435", "correlationVector":"In53vMAA5pYZVlI3sLt7Mr.0","action":"CompareDataConsistency result: ", "result":"Compare result: Encryption Keys is consistent. local entities count is: 1 local entities hash is: 3Wbln56TvVSydSHI2bV+T7CJv2g="}
{"logTime": "1007/035435", "correlationVector":"In53vMAA5pYZVlI3sLt7Mr.1","action":"CompareDataConsistency result: ", "result":"Compare result: Bookmarks is consistent. local entities count is: 277 local entities hash is: rPMooToMT+EydjZ3o7ROyYUtsGU="}
{"logTime": "1007/035435", "correlationVector":"In53vMAA5pYZVlI3sLt7Mr.2","action":"CompareDataConsistency result: ", "result":"Compare result: Preferences is consistent. local entities count is: 90 local entities hash is: Gl9w1H/sWrayYIo2JcVpl+Mwtew="}
{"logTime": "1007/035435", "correlationVector":"In53vMAA5pYZVlI3sLt7Mr.3","action":"CompareDataConsistency result: ", "result":"Compare result: Passwords is consistent. local entities count is: 0 local entities hash is: "}
{"logTime": "1007/035435", "correlationVector":"In53vMAA5pYZVlI3sLt7Mr.4","action":"CompareDataConsistency result: ", "result":"Server did not send this Typed URLs local entities count is: 0 local entities hash is: "}
{"logTime": "1007/035435", "correlationVector":"In53vMAA5pYZVlI3sLt7Mr.5","action":"CompareDataConsistency result: ", "result":"Compare result: Extensions is consistent. local entities count is: 11 local entities hash is: vhJAmcbbY97jt8tKPX01b0lbqk4="}
{"logTime": "1007/035435", "correlationVector":"In53vMAA5pYZVlI3sLt7Mr.6","action":"CompareDataConsistency result: ", "result":"Compare result: Extension settings is consistent. local entities count is: 29 local entities hash is: w8eeZa3CGFz+ONiNWO7/9vSp8xk="}
{"logTime": "1007/035435", "correlationVector":"In53vMAA5pYZVlI3sLt7Mr.7","action":"CompareDataConsistency result: ", "result":"Compare result: History Delete Directives is inconsistent. server entities count is: 27 server entities hash is: q0PbEDaBPvm8u4vnFnjwWqOX0x4= local entities count is: 0 local entities hash is: "}
{"logTime": "1007/035435", "correlationVector":"In53vMAA5pYZVlI3sLt7Mr.8","action":"CompareDataConsistency result: ", "result":"Server did not send this Send Tab To Self local entities count is: 0 local entities hash is: "}
{"logTime": "1007/035435", "correlationVector":"In53vMAA5pYZVlI3sLt7Mr.9","action":"CompareDataConsistency result: ", "result":"Compare result: Web Apps is consistent. local entities count is: 0 local entities hash is: "}
{"logTime": "1007/035435", "correlationVector":"In53vMAA5pYZVlI3sLt7Mr.10","action":"CompareDataConsistency result: ", "result":"Compare result: Collection is consistent. local entities count is: 25 local entities hash is: L6uaHdyhqZu/o2h5qQagVpkEz5k="}
{"logTime": "1007/035435", "correlationVector":"In53vMAA5pYZVlI3sLt7Mr.11","action":"CompareDataConsistency result: ", "result":"Compare result: Edge E Drop is consistent. local entities count is: 0 local entities hash is: "}
{"logTime": "1007/035435", "correlationVector":"In53vMAA5pYZVlI3sLt7Mr.12","action":"CompareDataConsistency result: ", "result":"Compare result: Edge Tab Group is consistent. local entities count is: 0 local entities hash is: "}
{"logTime": "1007/035435", "correlationVector":"In53vMAA5pYZVlI3sLt7Mr.13","action":"CompareDataConsistency result: ", "result":"Compare result: Edge Wallet is consistent. local entities count is: 0 local entities hash is: "}
{"logTime": "1007/035435", "correlationVector":"4N/+f7gnfU+ZrY9ak7XRwy","action":"Commit Request", "result":"", "context":Item count: 3
Contributing types: Sessions, Device Info, User Consents}
{"logTime": "1007/035436", "correlationVector":"4N/+f7gnfU+ZrY9ak7XRwy.1","action":"SyncServerConnectionManagerRequest", "result":"SYNC_SERVER_OK", "context":{"environment":"Prod_NorthCentralUS_000g", "migrationStage":"NotStarted", "server":"GENERAL0100002A"}}
{"logTime": "1007/035436", "correlationVector":"4N/+f7gnfU+ZrY9ak7XRwy.2","action":"Commit Response", "result":"Success", "context":Result: Success. cV=4N/+f7gnfU+ZrY9ak7XRwy.0;server=GENERAL0100002A;cloudType=Multitenant;environment=Prod_NorthCentralUS_000g;migrationStage=NotStarted}
{"logTime": "1007/035436", "correlationVector":"","action":"DIAGNOSTIC_REQUEST|v1/diagnosticData/Diagnostic.SendCheckResult()|SUCCESS", "result":""}
{"logTime": "1007/035436", "correlationVector":"3W+SoF9bsylYmcuJbby7FH","action":"Normal GetUpdate request", "result":"", "context":cV=3W+SoF9bsylYmcuJbby7FH
Nudged types: Sessions, Device Info}
{"logTime": "1007/035436", "correlationVector":"3W+SoF9bsylYmcuJbby7FH.1","action":"SyncServerConnectionManagerRequest", "result":"SYNC_SERVER_OK", "context":{"environment":"Prod_NorthCentralUS_000g", "migrationStage":"NotStarted", "server":"GENERAL01000012"}}
{"logTime": "1007/035436", "correlationVector":"3W+SoF9bsylYmcuJbby7FH.2","action":"GetUpdates Response", "result":"Success", "context":Received 2 update(s). cV=3W+SoF9bsylYmcuJbby7FH.0;server=GENERAL01000012;cloudType=Multitenant;environment=Prod_NorthCentralUS_000g;migrationStage=NotStarted}
{"logTime": "1007/035443", "correlationVector":"frcVqOHZ/pR21FzKxZOkdO","action":"History lookup request", "result":""}
{"logTime": "1007/035443", "correlationVector":"7Bd3xu6o7Ds3rQN8g6FNxx","action":"History lookup request", "result":""}
{"logTime": "1007/035443", "correlationVector":"7Bd3xu6o7Ds3rQN8g6FNxx.0","action":"History lookup response", "result":"200", "context":{"server":"GENERAL0100001R"}}
{"logTime": "1007/035443", "correlationVector":"frcVqOHZ/pR21FzKxZOkdO.0","action":"History lookup response", "result":"200", "context":{"server":"GENERAL0100001M"}}
{"logTime": "1007/035450", "correlationVector":"tGRaT/WqnlmM+aX46jrByS","action":"History delete request", "result":""}
{"logTime": "1007/035450", "correlationVector":"","action":"History delete response", "result":"-1", "context":{"server":""}}
{"logTime": "1007/035450", "correlationVector":"0rnpJn+XFwDRCB8jOpjybA","action":"Commit Request", "result":"", "context":Item count: 7
Contributing types: Sessions, History Delete Directives}
{"logTime": "1007/035451", "correlationVector":"0rnpJn+XFwDRCB8jOpjybA.1","action":"SyncServerConnectionManagerRequest", "result":"SYNC_SERVER_OK", "context":{"environment":"Prod_NorthCentralUS_000g", "migrationStage":"NotStarted", "server":"GENERAL01000012"}}
{"logTime": "1007/035451", "correlationVector":"0rnpJn+XFwDRCB8jOpjybA.2","action":"Commit Response", "result":"Success", "context":Result: Success. cV=0rnpJn+XFwDRCB8jOpjybA.0;server=GENERAL01000012;cloudType=Multitenant;environment=Prod_NorthCentralUS_000g;migrationStage=NotStarted}
{"logTime": "1007/035452", "correlationVector":"poJHXWBj/2fQiilwmUCHkk","action":"History lookup request", "result":""}
{"logTime": "1007/035452", "correlationVector":"iRcAuuIsft/4YLyP0hkp3a","action":"History lookup request", "result":""}
{"logTime": "1007/035453", "correlationVector":"poJHXWBj/2fQiilwmUCHkk.0","action":"History lookup response", "result":"200", "context":{"server":"GENERAL0100001K"}}
{"logTime": "1007/035453", "correlationVector":"iRcAuuIsft/4YLyP0hkp3a.0","action":"History lookup response", "result":"200", "context":{"server":"GENERAL0100000G"}}
{"logTime": "1007/035454", "correlationVector":"ZCDLAR8Awhwt4gPyLCzkmE","action":"History lookup request", "result":""}
{"logTime": "1007/035454", "correlationVector":"ZCDLAR8Awhwt4gPyLCzkmE.0","action":"History lookup response", "result":"200", "context":{"server":"GENERAL01000018"}}
{"logTime": "1007/035520", "correlationVector":"YSMT8UNx0lCOUouf20Pm+D","action":"Commit Request", "result":"", "context":Item count: 6
Contributing types: Sessions, Device Info}
{"logTime": "1007/035520", "correlationVector":"YSMT8UNx0lCOUouf20Pm+D.1","action":"SyncServerConnectionManagerRequest", "result":"SYNC_SERVER_OK", "context":{"environment":"Prod_NorthCentralUS_000g", "migrationStage":"NotStarted", "server":"GENERAL0100001H"}}
{"logTime": "1007/035520", "correlationVector":"YSMT8UNx0lCOUouf20Pm+D.3","action":"Commit.Sessions", "result":"Success", "context":{"id":"e2b8f397-cfbb-4f8e-a6cd-c36eedf0329a", "isDeleted":"true", "size":"0", "version":"1728273290664"}}
{"logTime": "1007/035520", "correlationVector":"YSMT8UNx0lCOUouf20Pm+D.4","action":"Commit.Sessions", "result":"Success", "context":{"id":"c1a41f8f-0002-4c10-b769-590e022df9c6", "isDeleted":"true", "size":"0", "version":"1728273290665"}}
{"logTime": "1007/035520", "correlationVector":"YSMT8UNx0lCOUouf20Pm+D.5","action":"Commit.Sessions", "result":"Success", "context":{"id":"3d9c5778-87c2-4a13-85a7-4000f1d24db1", "isDeleted":"true", "size":"0", "version":"1728273290666"}}
{"logTime": "1007/035520", "correlationVector":"YSMT8UNx0lCOUouf20Pm+D.6","action":"Commit.Sessions", "result":"Success", "context":{"id":"7439ec0c-147c-4a52-ada7-360de276d6f8", "isDeleted":"true", "size":"0", "version":"1728273290668"}}
{"logTime": "1007/035520", "correlationVector":"YSMT8UNx0lCOUouf20Pm+D.7","action":"Commit.Sessions", "result":"Success", "context":{"id":"ca1d9296-e7c0-4286-9c69-1ad7faf8ae12", "isDeleted":"true", "size":"0", "version":"1728273290669"}}
{"logTime": "1007/035520", "correlationVector":"YSMT8UNx0lCOUouf20Pm+D.2","action":"Commit Response", "result":"Success", "context":Result: Success. cV=YSMT8UNx0lCOUouf20Pm+D.0;server=GENERAL0100001H;cloudType=Multitenant;environment=Prod_NorthCentralUS_000g;migrationStage=NotStarted}
{"logTime": "1007/035645", "correlationVector":"HmZwjrT1M66cQnlp26avzK","action":"Commit Request", "result":"", "context":Item count: 3
Contributing types: Preferences, Sessions}
{"logTime": "1007/035645", "correlationVector":"HmZwjrT1M66cQnlp26avzK.1","action":"SyncServerConnectionManagerRequest", "result":"SYNC_SERVER_OK", "context":{"environment":"Prod_NorthCentralUS_000g", "migrationStage":"NotStarted", "server":"GENERAL0100000I"}}
{"logTime": "1007/035645", "correlationVector":"HmZwjrT1M66cQnlp26avzK.2","action":"Commit Response", "result":"Success", "context":Result: Success. cV=HmZwjrT1M66cQnlp26avzK.0;server=GENERAL0100000I;cloudType=Multitenant;environment=Prod_NorthCentralUS_000g;migrationStage=NotStarted}
{"logTime": "1007/035714", "correlationVector":"zHnIU7jxUHZwb8kK3YdwQZ","action":"History delete request", "result":""}
{"logTime": "1007/035714", "correlationVector":"","action":"History delete response", "result":"-1", "context":{"server":""}}
